<?xml version="1.0" encoding="UTF-8"?>
<!-- Generated by org.testng.reporters.JUnitReportReporter -->
<testsuite hostname="LabVM2047644" failures="0" tests="12" name="LoginTest" time="0.303" errors="0" timestamp="09 Jun 2026 21:37:25 GMT" skipped="0">
  <testcase classname="LoginTest" name="testLoginFailed" time="0.022"/>
  <testcase classname="LoginTest" name="testUsernameCorrectlyFormatted" time="0.023"/>
  <testcase classname="LoginTest" name="testCheckCellPhoneNumber_Invalid" time="0.023"/>
  <testcase classname="LoginTest" name="testLoginSuccessful" time="0.022"/>
  <testcase classname="LoginTest" name="testCheckPasswordComplexity_Valid" time="0.022"/>
  <testcase classname="LoginTest" name="testCellPhoneIncorrectlyFormatted" time="0.020"/>
  <testcase classname="LoginTest" name="testCheckPasswordComplexity_Invalid" time="0.021"/>
  <testcase classname="LoginTest" name="testCheckCellPhoneNumber_Valid" time="0.022"/>
  <testcase classname="LoginTest" name="testPasswordDoesNotMeetComplexity" time="0.063"/>
  <testcase classname="LoginTest" name="testUsernameIncorrectlyFormatted" time="0.021"/>
  <testcase classname="LoginTest" name="testCheckUserName_Invalid" time="0.022"/>
  <testcase classname="LoginTest" name="testCheckUserName_Valid" time="0.022"/>
</testsuite> <!-- LoginTest -->
